<?xml version="1.0" encoding="UTF-8"?>
<testsuite name="com.rikkei.b1.RedisConfigApplicationTests" tests="1" skipped="0" failures="0" errors="0" timestamp="2026-09-25T00:33:20.116Z" hostname="LAPTOP-CFE5QQ0I" time="3.924">
  <properties/>
  <testcase name="testFoodService()" classname="com.rikkei.b1.RedisConfigApplicationTests" time="0.197"/>
  <system-out><![CDATA[07:33:20.271 [Test worker] INFO org.springframework.test.context.support.AnnotationConfigContextLoaderUtils -- Could not detect default configuration classes for test class [com.rikkei.b1.RedisConfigApplicationTests]: RedisConfigApplicationTests does not declare any static, non-private, non-final, nested classes annotated with @Configuration.
07:33:20.397 [Test worker] INFO org.springframework.boot.test.context.SpringBootTestContextBootstrapper -- Found @SpringBootConfiguration com.rikkei.b1.RedisConfigApplication for test class com.rikkei.b1.RedisConfigApplicationTests

  .   ____          _            __ _ _
 /\\ / ___'_ __ _ _(_)_ __  __ _ \ \ \ \
( ( )\___ | '_ | '_| | '_ \/ _` | \ \ \ \
 \\/  ___)| |_)| | | | | || (_| |  ) ) ) )
  '  |____| .__|_| |_|_| |_\__, | / / / /
 =========|_|==============|___/=/_/_/_/

 :: Spring Boot ::                (v3.3.3)

2026-09-25T07:33:20.869+07:00  INFO 15432 --- [    Test worker] c.rikkei.b1.RedisConfigApplicationTests  : Starting RedisConfigApplicationTests using Java 23.0.2 with PID 15432 (started by LE THANH CUONG in D:\RIKKEI\RIKKEI_MicroServiceSystem\ss17\b1)
2026-09-25T07:33:20.869+07:00  INFO 15432 --- [    Test worker] c.rikkei.b1.RedisConfigApplicationTests  : No active profile set, falling back to 1 default profile: "default"
2026-09-25T07:33:21.499+07:00  INFO 15432 --- [    Test worker] .s.d.r.c.RepositoryConfigurationDelegate : Multiple Spring Data modules found, entering strict repository configuration mode
2026-09-25T07:33:21.503+07:00  INFO 15432 --- [    Test worker] .s.d.r.c.RepositoryConfigurationDelegate : Bootstrapping Spring Data Redis repositories in DEFAULT mode.
2026-09-25T07:33:21.534+07:00  INFO 15432 --- [    Test worker] .s.d.r.c.RepositoryConfigurationDelegate : Finished Spring Data repository scanning in 12 ms. Found 0 Redis repository interfaces.
2026-09-25T07:33:23.822+07:00  INFO 15432 --- [    Test worker] c.rikkei.b1.RedisConfigApplicationTests  : Started RedisConfigApplicationTests in 3.244 seconds (process running for 4.487)
]]></system-out>
  <system-err><![CDATA[WARNING: A Java agent has been loaded dynamically (C:\Users\LE THANH CUONG\.gradle\caches\modules-2\files-2.1\net.bytebuddy\byte-buddy-agent\1.14.19\154da3a65b4f4a909d3e5bdec55d1b2b4cbb6ce1\byte-buddy-agent-1.14.19.jar)
WARNING: If a serviceability tool is in use, please run with -XX:+EnableDynamicAgentLoading to hide this warning
WARNING: If a serviceability tool is not in use, please run with -Djdk.instrument.traceUsage for more information
WARNING: Dynamic loading of agents will be disallowed by default in a future release
]]></system-err>
</testsuite>
